app/build/outputs/logs/manifest-merger-debug-report.txt
-- Merging decision tree log ---
manifest
ADDED from src/main/AndroidManifest.xml:2:1-102:12
	package
		ADDED from src/main/AndroidManifest.xml:3:5-37
		INJECTED from src/main/AndroidManifest.xml
		INJECTED from src/main/AndroidManifest.xml
	android:versionName
		ADDED from src/main/AndroidManifest.xml:5:5-30
		INJECTED from src/main/AndroidManifest.xml
		INJECTED from src/main/AndroidManifest.xml
	android:versionCode
		ADDED from src/main/AndroidManifest.xml:4:5-28
		INJECTED from src/main/AndroidManifest.xml
		INJECTED from src/main/AndroidManifest.xml
	xmlns:android
		ADDED from src/main/AndroidManifest.xml:2:11-69
uses-sdk
ADDED from src/main/AndroidManifest.xml:7:5-9:41
MERGED from [com.android.support:appcompat-v7:18.0.0] AndroidManifest.xml:18:5-42
	android:targetSdkVersion
		ADDED from src/main/AndroidManifest.xml:9:9-38
		INJECTED from src/main/AndroidManifest.xml
		INJECTED from src/main/AndroidManifest.xml
	android:minSdkVersion
		ADDED from src/main/AndroidManifest.xml:8:9-35
		INJECTED from src/main/AndroidManifest.xml
		INJECTED from src/main/AndroidManifest.xml
application
ADDED from src/main/AndroidManifest.xml:11:5-97:19
MERGED from [com.android.support:appcompat-v7:18.0.0] AndroidManifest.xml:19:5-20
	android:label
		ADDED from src/main/AndroidManifest.xml:14:9-41
	android:allowBackup
		ADDED from src/main/AndroidManifest.xml:12:9-35
	android:icon
		ADDED from src/main/AndroidManifest.xml:13:9-45
	android:theme
		ADDED from src/main/AndroidManifest.xml:15:9-39
activity#com.yiluote.yiluote_v2.LoginActivity
ADDED from src/main/AndroidManifest.xml:16:9-25:20
	android:screenOrientation
		ADDED from src/main/AndroidManifest.xml:19:13-49
	android:label
		ADDED from src/main/AndroidManifest.xml:18:13-32
	android:name
		ADDED from src/main/AndroidManifest.xml:17:13-42
intent-filter#android.intent.action.MAIN+android.intent.category.LAUNCHER
ADDED from src/main/AndroidManifest.xml:20:13-24:29
action#android.intent.action.MAIN
ADDED from src/main/AndroidManifest.xml:21:17-69
	android:name
		ADDED from src/main/AndroidManifest.xml:21:25-66
category#android.intent.category.LAUNCHER
ADDED from src/main/AndroidManifest.xml:23:17-77
	android:name
		ADDED from src/main/AndroidManifest.xml:23:27-74
activity#com.yiluote.yiluote_v2.UserActivity
ADDED from src/main/AndroidManifest.xml:26:9-30:20
	android:screenOrientation
		ADDED from src/main/AndroidManifest.xml:29:13-49
	android:label
		ADDED from src/main/AndroidManifest.xml:28:13-33
	android:name
		ADDED from src/main/AndroidManifest.xml:27:13-41
activity#com.yiluote.yiluote_v2.MainActivity
ADDED from src/main/AndroidManifest.xml:31:9-35:20
	android:screenOrientation
		ADDED from src/main/AndroidManifest.xml:34:13-49
	android:label
		ADDED from src/main/AndroidManifest.xml:33:13-32
	android:name
		ADDED from src/main/AndroidManifest.xml:32:13-41
activity#com.yiluote.yiluote_v2.UserMessageActivity
ADDED from src/main/AndroidManifest.xml:36:9-40:20
	android:screenOrientation
		ADDED from src/main/AndroidManifest.xml:39:13-49
	android:label
		ADDED from src/main/AndroidManifest.xml:38:13-33
	android:name
		ADDED from src/main/AndroidManifest.xml:37:13-48
activity#com.yiluote.yiluote_v2.UserCollectionActivity
ADDED from src/main/AndroidManifest.xml:41:9-45:20
	android:screenOrientation
		ADDED from src/main/AndroidManifest.xml:44:13-49
	android:label
		ADDED from src/main/AndroidManifest.xml:43:13-33
	android:name
		ADDED from src/main/AndroidManifest.xml:42:13-51
activity#com.yiluote.yiluote_v2.UserTieziActivity
ADDED from src/main/AndroidManifest.xml:46:9-50:20
	android:screenOrientation
		ADDED from src/main/AndroidManifest.xml:49:13-49
	android:label
		ADDED from src/main/AndroidManifest.xml:48:13-33
	android:name
		ADDED from src/main/AndroidManifest.xml:47:13-46
activity#com.yiluote.yiluote_v2.UserDraftsActivity
ADDED from src/main/AndroidManifest.xml:51:9-55:20
	android:screenOrientation
		ADDED from src/main/AndroidManifest.xml:54:13-49
	android:label
		ADDED from src/main/AndroidManifest.xml:53:13-32
	android:name
		ADDED from src/main/AndroidManifest.xml:52:13-47
activity#com.yiluote.yiluote_v2.UserParticitapionActivity
ADDED from src/main/AndroidManifest.xml:56:9-60:20
	android:screenOrientation
		ADDED from src/main/AndroidManifest.xml:59:13-49
	android:label
		ADDED from src/main/AndroidManifest.xml:58:13-33
	android:name
		ADDED from src/main/AndroidManifest.xml:57:13-54
activity#com.yiluote.yiluote_v2.UserFeedbackActivity
ADDED from src/main/AndroidManifest.xml:61:9-65:20
	android:screenOrientation
		ADDED from src/main/AndroidManifest.xml:64:13-49
	android:label
		ADDED from src/main/AndroidManifest.xml:63:13-31
	android:name
		ADDED from src/main/AndroidManifest.xml:62:13-49
activity#com.yiluote.yiluote_v2.SettingActivity
ADDED from src/main/AndroidManifest.xml:66:9-71:20
	android:screenOrientation
		ADDED from src/main/AndroidManifest.xml:69:13-49
	android:label
		ADDED from src/main/AndroidManifest.xml:68:13-31
	android:theme
		ADDED from src/main/AndroidManifest.xml:70:13-55
	android:name
		ADDED from src/main/AndroidManifest.xml:67:13-44
activity#com.yiluote.yiluote_v2.SettingRelativeActivity
ADDED from src/main/AndroidManifest.xml:72:9-76:20
	android:screenOrientation
		ADDED from src/main/AndroidManifest.xml:75:13-49
	android:label
		ADDED from src/main/AndroidManifest.xml:74:13-33
	android:name
		ADDED from src/main/AndroidManifest.xml:73:13-52
activity#com.yiluote.yiluote_v2.SearchActivity
ADDED from src/main/AndroidManifest.xml:77:9-81:20
	android:screenOrientation
		ADDED from src/main/AndroidManifest.xml:80:13-49
	android:label
		ADDED from src/main/AndroidManifest.xml:79:13-31
	android:name
		ADDED from src/main/AndroidManifest.xml:78:13-43
activity#com.yiluote.yiluote_v2.ReleaseActivity1
ADDED from src/main/AndroidManifest.xml:82:9-86:20
	android:screenOrientation
		ADDED from src/main/AndroidManifest.xml:85:13-49
	android:label
		ADDED from src/main/AndroidManifest.xml:84:13-34
	android:name
		ADDED from src/main/AndroidManifest.xml:83:13-45
activity#com.yiluote.yiluote_v2.ReleaseActivity2
ADDED from src/main/AndroidManifest.xml:87:9-91:20
	android:screenOrientation
		ADDED from src/main/AndroidManifest.xml:90:13-49
	android:label
		ADDED from src/main/AndroidManifest.xml:89:13-34
	android:name
		ADDED from src/main/AndroidManifest.xml:88:13-45
activity#com.yiluote.yiluote_v2.ReleaseActivity3
ADDED from src/main/AndroidManifest.xml:92:9-96:20
	android:screenOrientation
		ADDED from src/main/AndroidManifest.xml:95:13-49
	android:label
		ADDED from src/main/AndroidManifest.xml:94:13-34
	android:name
		ADDED from src/main/AndroidManifest.xml:93:13-45
uses-permission#android.permission.INTERNET
ADDED from src/main/AndroidManifest.xml:99:5-67
	android:name
		ADDED from src/main/AndroidManifest.xml:99:22-64
uses-permission#android.permission.WRITE_EXTERNAL_STORAGE
ADDED from src/main/AndroidManifest.xml:100:5-81
	android:name
		ADDED from src/main/AndroidManifest.xml:100:22-78